IQ-TREE multicore version 1.5.5 for Linux 64-bit built Jun 21 2017
Copyright (c) 2011-2017 by Bui Quang Minh, Nguyen Lam Tung,
Olga Chernomor, Heiko Schmidt, and Arndt von Haeseler.

Host:    s-calc-fat01-p.ssi.ad (AVX2, FMA3, 143 GB RAM)
Command: iqtree -s ccrB_all_uniq_aln.fasta -m GTR -bb 1000 -redo -nt 8 -mem 8G
Seed:    196952 (Using SPRNG - Scalable Parallel Random Number Generator)
Time:    Fri Mar 20 11:12:38 2020
Kernel:  AVX+FMA - 8 threads (16 CPU cores detected)

Reading alignment file ccrB_all_uniq_aln.fasta ... Fasta format detected
Alignment most likely contains DNA/RNA sequences
Alignment has 537 sequences with 1847 columns and 1415 patterns (1241 informative sites, 495 constant sites)
WARNING: Some sequence names are changed as follows:
seq_186|2 -> seq_186_2
seq_185|2 -> seq_185_2
seq_523|1 -> seq_523_1
seq_524|1 -> seq_524_1
seq_525|1 -> seq_525_1
seq_526|1 -> seq_526_1
seq_39|9 -> seq_39_9
seq_121|3 -> seq_121_3
seq_529|1 -> seq_529_1
seq_120|3 -> seq_120_3
seq_527|1 -> seq_527_1
seq_528|1 -> seq_528_1
seq_98|4 -> seq_98_4
seq_530|1 -> seq_530_1
seq_187|2 -> seq_187_2
seq_442|1 -> seq_442_1
seq_116|3 -> seq_116_3
seq_455|1 -> seq_455_1
seq_63|6 -> seq_63_6
seq_64|6 -> seq_64_6
seq_176|2 -> seq_176_2
seq_447|1 -> seq_447_1
seq_33|10 -> seq_33_10
seq_452|1 -> seq_452_1
seq_438|1 -> seq_438_1
seq_439|1 -> seq_439_1
seq_53|7 -> seq_53_7
seq_206|1 -> seq_206_1
seq_178|2 -> seq_178_2
seq_440|1 -> seq_440_1
seq_457|1 -> seq_457_1
seq_180|2 -> seq_180_2
seq_45|8 -> seq_45_8
seq_456|1 -> seq_456_1
seq_28|11 -> seq_28_11
seq_458|1 -> seq_458_1
seq_94|4 -> seq_94_4
seq_12|32 -> seq_12_32
seq_463|1 -> seq_463_1
seq_181|2 -> seq_181_2
seq_451|1 -> seq_451_1
seq_461|1 -> seq_461_1
seq_464|1 -> seq_464_1
seq_5|293 -> seq_5_293
seq_462|1 -> seq_462_1
seq_467|1 -> seq_467_1
seq_54|7 -> seq_54_7
seq_448|1 -> seq_448_1
seq_449|1 -> seq_449_1
seq_450|1 -> seq_450_1
seq_454|1 -> seq_454_1
seq_436|1 -> seq_436_1
seq_468|1 -> seq_468_1
seq_76|5 -> seq_76_5
seq_465|1 -> seq_465_1
seq_11|34 -> seq_11_34
seq_77|5 -> seq_77_5
seq_443|1 -> seq_443_1
seq_172|2 -> seq_172_2
seq_437|1 -> seq_437_1
seq_113|3 -> seq_113_3
seq_205|1 -> seq_205_1
seq_466|1 -> seq_466_1
seq_177|2 -> seq_177_2
seq_115|3 -> seq_115_3
seq_16|18 -> seq_16_18
seq_114|3 -> seq_114_3
seq_459|1 -> seq_459_1
seq_435|1 -> seq_435_1
seq_174|2 -> seq_174_2
seq_175|2 -> seq_175_2
seq_444|1 -> seq_444_1
seq_445|1 -> seq_445_1
seq_446|1 -> seq_446_1
seq_95|4 -> seq_95_4
seq_173|2 -> seq_173_2
seq_453|1 -> seq_453_1
seq_62|6 -> seq_62_6
seq_65|6 -> seq_65_6
seq_66|6 -> seq_66_6
seq_117|3 -> seq_117_3
seq_179|2 -> seq_179_2
seq_460|1 -> seq_460_1
seq_441|1 -> seq_441_1
seq_469|1 -> seq_469_1
seq_531|1 -> seq_531_1
seq_142|2 -> seq_142_2
seq_258|1 -> seq_258_1
seq_282|1 -> seq_282_1
seq_152|2 -> seq_152_2
seq_92|4 -> seq_92_4
seq_269|1 -> seq_269_1
seq_263|1 -> seq_263_1
seq_261|1 -> seq_261_1
seq_82|4 -> seq_82_4
seq_102|3 -> seq_102_3
seq_137|2 -> seq_137_2
seq_259|1 -> seq_259_1
seq_273|1 -> seq_273_1
seq_260|1 -> seq_260_1
seq_83|4 -> seq_83_4
seq_84|4 -> seq_84_4
seq_138|2 -> seq_138_2
seq_272|1 -> seq_272_1
seq_264|1 -> seq_264_1
seq_103|3 -> seq_103_3
seq_283|1 -> seq_283_1
seq_373|1 -> seq_373_1
seq_20|13 -> seq_20_13
seq_48|7 -> seq_48_7
seq_274|1 -> seq_274_1
seq_101|3 -> seq_101_3
seq_278|1 -> seq_278_1
seq_141|2 -> seq_141_2
seq_26|11 -> seq_26_11
seq_270|1 -> seq_270_1
seq_271|1 -> seq_271_1
seq_286|1 -> seq_286_1
seq_100|3 -> seq_100_3
seq_268|1 -> seq_268_1
seq_40|8 -> seq_40_8
seq_90|4 -> seq_90_4
seq_201|1 -> seq_201_1
seq_322|1 -> seq_322_1
seq_323|1 -> seq_323_1
seq_6|249 -> seq_6_249
seq_13|31 -> seq_13_31
seq_370|1 -> seq_370_1
seq_371|1 -> seq_371_1
seq_290|1 -> seq_290_1
seq_146|2 -> seq_146_2
seq_266|1 -> seq_266_1
seq_267|1 -> seq_267_1
seq_57|6 -> seq_57_6
seq_257|1 -> seq_257_1
seq_149|2 -> seq_149_2
seq_372|1 -> seq_372_1
seq_135|2 -> seq_135_2
seq_144|2 -> seq_144_2
seq_30|10 -> seq_30_10
seq_81|4 -> seq_81_4
seq_284|1 -> seq_284_1
seq_318|1 -> seq_318_1
seq_91|4 -> seq_91_4
seq_154|2 -> seq_154_2
seq_319|1 -> seq_319_1
seq_369|1 -> seq_369_1
seq_35|9 -> seq_35_9
seq_136|2 -> seq_136_2
seq_56|6 -> seq_56_6
seq_140|2 -> seq_140_2
seq_145|2 -> seq_145_2
seq_195|1 -> seq_195_1
seq_143|2 -> seq_143_2
seq_153|2 -> seq_153_2
seq_256|1 -> seq_256_1
seq_25|11 -> seq_25_11
seq_61|6 -> seq_61_6
seq_50|7 -> seq_50_7
seq_85|4 -> seq_85_4
seq_329|1 -> seq_329_1
seq_281|1 -> seq_281_1
seq_320|1 -> seq_320_1
seq_10|39 -> seq_10_39
seq_194|1 -> seq_194_1
seq_285|1 -> seq_285_1
seq_279|1 -> seq_279_1
seq_364|1 -> seq_364_1
seq_277|1 -> seq_277_1
seq_198|1 -> seq_198_1
seq_332|1 -> seq_332_1
seq_361|1 -> seq_361_1
seq_109|3 -> seq_109_3
seq_159|2 -> seq_159_2
seq_287|1 -> seq_287_1
seq_353|1 -> seq_353_1
seq_354|1 -> seq_354_1
seq_355|1 -> seq_355_1
seq_356|1 -> seq_356_1
seq_357|1 -> seq_357_1
seq_358|1 -> seq_358_1
seq_359|1 -> seq_359_1
seq_360|1 -> seq_360_1
seq_362|1 -> seq_362_1
seq_363|1 -> seq_363_1
seq_365|1 -> seq_365_1
seq_366|1 -> seq_366_1
seq_367|1 -> seq_367_1
seq_3|1355 -> seq_3_1355
seq_276|1 -> seq_276_1
seq_9|57 -> seq_9_57
seq_340|1 -> seq_340_1
seq_72|5 -> seq_72_5
seq_107|3 -> seq_107_3
seq_202|1 -> seq_202_1
seq_155|2 -> seq_155_2
seq_335|1 -> seq_335_1
seq_74|5 -> seq_74_5
seq_106|3 -> seq_106_3
seq_151|2 -> seq_151_2
seq_337|1 -> seq_337_1
seq_150|2 -> seq_150_2
seq_325|1 -> seq_325_1
seq_331|1 -> seq_331_1
seq_330|1 -> seq_330_1
seq_108|3 -> seq_108_3
seq_197|1 -> seq_197_1
seq_289|1 -> seq_289_1
seq_156|2 -> seq_156_2
seq_158|2 -> seq_158_2
seq_196|1 -> seq_196_1
seq_334|1 -> seq_334_1
seq_317|1 -> seq_317_1
seq_345|1 -> seq_345_1
seq_346|1 -> seq_346_1
seq_347|1 -> seq_347_1
seq_37|9 -> seq_37_9
seq_41|8 -> seq_41_8
seq_60|6 -> seq_60_6
seq_157|2 -> seq_157_2
seq_200|1 -> seq_200_1
seq_328|1 -> seq_328_1
seq_333|1 -> seq_333_1
seq_338|1 -> seq_338_1
seq_342|1 -> seq_342_1
seq_344|1 -> seq_344_1
seq_349|1 -> seq_349_1
seq_352|1 -> seq_352_1
seq_324|1 -> seq_324_1
seq_73|5 -> seq_73_5
seq_2|2082 -> seq_2_2082
seq_343|1 -> seq_343_1
seq_327|1 -> seq_327_1
seq_199|1 -> seq_199_1
seq_326|1 -> seq_326_1
seq_339|1 -> seq_339_1
seq_348|1 -> seq_348_1
seq_193|1 -> seq_193_1
seq_350|1 -> seq_350_1
seq_341|1 -> seq_341_1
seq_351|1 -> seq_351_1
seq_336|1 -> seq_336_1
seq_262|1 -> seq_262_1
seq_58|6 -> seq_58_6
seq_288|1 -> seq_288_1
seq_265|1 -> seq_265_1
seq_275|1 -> seq_275_1
seq_51|7 -> seq_51_7
seq_47|7 -> seq_47_7
seq_255|1 -> seq_255_1
seq_321|1 -> seq_321_1
seq_368|1 -> seq_368_1
seq_310|1 -> seq_310_1
seq_86|4 -> seq_86_4
seq_192|1 -> seq_192_1
seq_104|3 -> seq_104_3
seq_147|2 -> seq_147_2
seq_291|1 -> seq_291_1
seq_292|1 -> seq_292_1
seq_7|188 -> seq_7_188
seq_59|6 -> seq_59_6
seq_15|25 -> seq_15_25
seq_293|1 -> seq_293_1
seq_87|4 -> seq_87_4
seq_71|5 -> seq_71_5
seq_139|2 -> seq_139_2
seq_18|14 -> seq_18_14
seq_21|13 -> seq_21_13
seq_36|9 -> seq_36_9
seq_42|8 -> seq_42_8
seq_88|4 -> seq_88_4
seq_89|4 -> seq_89_4
seq_105|3 -> seq_105_3
seq_148|2 -> seq_148_2
seq_294|1 -> seq_294_1
seq_295|1 -> seq_295_1
seq_296|1 -> seq_296_1
seq_297|1 -> seq_297_1
seq_298|1 -> seq_298_1
seq_299|1 -> seq_299_1
seq_300|1 -> seq_300_1
seq_301|1 -> seq_301_1
seq_304|1 -> seq_304_1
seq_305|1 -> seq_305_1
seq_306|1 -> seq_306_1
seq_308|1 -> seq_308_1
seq_311|1 -> seq_311_1
seq_312|1 -> seq_312_1
seq_313|1 -> seq_313_1
seq_314|1 -> seq_314_1
seq_315|1 -> seq_315_1
seq_316|1 -> seq_316_1
seq_1|2557 -> seq_1_2557
seq_49|7 -> seq_49_7
seq_302|1 -> seq_302_1
seq_303|1 -> seq_303_1
seq_307|1 -> seq_307_1
seq_309|1 -> seq_309_1
seq_280|1 -> seq_280_1
seq_183|2 -> seq_183_2
seq_490|1 -> seq_490_1
seq_491|1 -> seq_491_1
seq_497|1 -> seq_497_1
seq_499|1 -> seq_499_1
seq_498|1 -> seq_498_1
seq_496|1 -> seq_496_1
seq_494|1 -> seq_494_1
seq_492|1 -> seq_492_1
seq_493|1 -> seq_493_1
seq_495|1 -> seq_495_1
seq_500|1 -> seq_500_1
seq_96|4 -> seq_96_4
seq_489|1 -> seq_489_1
seq_532|1 -> seq_532_1
seq_534|1 -> seq_534_1
seq_533|1 -> seq_533_1
seq_68|6 -> seq_68_6
seq_535|1 -> seq_535_1
seq_537|1 -> seq_537_1
seq_69|6 -> seq_69_6
seq_122|3 -> seq_122_3
seq_190|2 -> seq_190_2
seq_188|2 -> seq_188_2
seq_22|13 -> seq_22_13
seq_189|2 -> seq_189_2
seq_191|2 -> seq_191_2
seq_536|1 -> seq_536_1
seq_32|10 -> seq_32_10
seq_418|1 -> seq_418_1
seq_52|7 -> seq_52_7
seq_166|2 -> seq_166_2
seq_167|2 -> seq_167_2
seq_422|1 -> seq_422_1
seq_416|1 -> seq_416_1
seq_417|1 -> seq_417_1
seq_405|1 -> seq_405_1
seq_420|1 -> seq_420_1
seq_410|1 -> seq_410_1
seq_411|1 -> seq_411_1
seq_171|2 -> seq_171_2
seq_403|1 -> seq_403_1
seq_112|3 -> seq_112_3
seq_415|1 -> seq_415_1
seq_381|1 -> seq_381_1
seq_509|1 -> seq_509_1
seq_504|1 -> seq_504_1
seq_512|1 -> seq_512_1
seq_515|1 -> seq_515_1
seq_118|3 -> seq_118_3
seq_502|1 -> seq_502_1
seq_23|12 -> seq_23_12
seq_24|12 -> seq_24_12
seq_97|4 -> seq_97_4
seq_501|1 -> seq_501_1
seq_514|1 -> seq_514_1
seq_505|1 -> seq_505_1
seq_513|1 -> seq_513_1
seq_111|3 -> seq_111_3
seq_391|1 -> seq_391_1
seq_380|1 -> seq_380_1
seq_387|1 -> seq_387_1
seq_399|1 -> seq_399_1
seq_169|2 -> seq_169_2
seq_170|2 -> seq_170_2
seq_423|1 -> seq_423_1
seq_424|1 -> seq_424_1
seq_31|10 -> seq_31_10
seq_389|1 -> seq_389_1
seq_390|1 -> seq_390_1
seq_400|1 -> seq_400_1
seq_409|1 -> seq_409_1
seq_163|2 -> seq_163_2
seq_425|1 -> seq_425_1
seq_414|1 -> seq_414_1
seq_434|1 -> seq_434_1
seq_404|1 -> seq_404_1
seq_393|1 -> seq_393_1
seq_394|1 -> seq_394_1
seq_8|57 -> seq_8_57
seq_396|1 -> seq_396_1
seq_397|1 -> seq_397_1
seq_398|1 -> seq_398_1
seq_43|8 -> seq_43_8
seq_93|4 -> seq_93_4
seq_203|1 -> seq_203_1
seq_395|1 -> seq_395_1
seq_4|297 -> seq_4_297
seq_384|1 -> seq_384_1
seq_119|3 -> seq_119_3
seq_184|2 -> seq_184_2
seq_521|1 -> seq_521_1
seq_522|1 -> seq_522_1
seq_519|1 -> seq_519_1
seq_506|1 -> seq_506_1
seq_426|1 -> seq_426_1
seq_168|2 -> seq_168_2
seq_385|1 -> seq_385_1
seq_386|1 -> seq_386_1
seq_110|3 -> seq_110_3
seq_75|5 -> seq_75_5
seq_44|8 -> seq_44_8
seq_407|1 -> seq_407_1
seq_162|2 -> seq_162_2
seq_377|1 -> seq_377_1
seq_160|2 -> seq_160_2
seq_161|2 -> seq_161_2
seq_374|1 -> seq_374_1
seq_376|1 -> seq_376_1
seq_421|1 -> seq_421_1
seq_392|1 -> seq_392_1
seq_432|1 -> seq_432_1
seq_431|1 -> seq_431_1
seq_433|1 -> seq_433_1
seq_412|1 -> seq_412_1
seq_27|11 -> seq_27_11
seq_402|1 -> seq_402_1
seq_429|1 -> seq_429_1
seq_508|1 -> seq_508_1
seq_428|1 -> seq_428_1
seq_503|1 -> seq_503_1
seq_510|1 -> seq_510_1
seq_507|1 -> seq_507_1
seq_511|1 -> seq_511_1
seq_204|1 -> seq_204_1
seq_430|1 -> seq_430_1
seq_375|1 -> seq_375_1
seq_378|1 -> seq_378_1
seq_379|1 -> seq_379_1
seq_383|1 -> seq_383_1
seq_419|1 -> seq_419_1
seq_382|1 -> seq_382_1
seq_165|2 -> seq_165_2
seq_408|1 -> seq_408_1
seq_164|2 -> seq_164_2
seq_413|1 -> seq_413_1
seq_401|1 -> seq_401_1
seq_427|1 -> seq_427_1
seq_19|14 -> seq_19_14
seq_388|1 -> seq_388_1
seq_79|5 -> seq_79_5
seq_231|1 -> seq_231_1
seq_253|1 -> seq_253_1
seq_254|1 -> seq_254_1
seq_242|1 -> seq_242_1
seq_230|1 -> seq_230_1
seq_237|1 -> seq_237_1
seq_229|1 -> seq_229_1
seq_132|2 -> seq_132_2
seq_226|1 -> seq_226_1
seq_234|1 -> seq_234_1
seq_134|2 -> seq_134_2
seq_252|1 -> seq_252_1
seq_245|1 -> seq_245_1
seq_246|1 -> seq_246_1
seq_224|1 -> seq_224_1
seq_223|1 -> seq_223_1
seq_17|14 -> seq_17_14
seq_225|1 -> seq_225_1
seq_130|2 -> seq_130_2
seq_250|1 -> seq_250_1
seq_236|1 -> seq_236_1
seq_241|1 -> seq_241_1
seq_243|1 -> seq_243_1
seq_249|1 -> seq_249_1
seq_131|2 -> seq_131_2
seq_133|2 -> seq_133_2
seq_251|1 -> seq_251_1
seq_244|1 -> seq_244_1
seq_248|1 -> seq_248_1
seq_214|1 -> seq_214_1
seq_212|1 -> seq_212_1
seq_228|1 -> seq_228_1
seq_99|3 -> seq_99_3
seq_216|1 -> seq_216_1
seq_227|1 -> seq_227_1
seq_80|4 -> seq_80_4
seq_217|1 -> seq_217_1
seq_127|2 -> seq_127_2
seq_215|1 -> seq_215_1
seq_238|1 -> seq_238_1
seq_239|1 -> seq_239_1
seq_211|1 -> seq_211_1
seq_14|29 -> seq_14_29
seq_128|2 -> seq_128_2
seq_129|2 -> seq_129_2
seq_219|1 -> seq_219_1
seq_232|1 -> seq_232_1
seq_233|1 -> seq_233_1
seq_235|1 -> seq_235_1
seq_123|2 -> seq_123_2
seq_210|1 -> seq_210_1
seq_221|1 -> seq_221_1
seq_126|2 -> seq_126_2
seq_209|1 -> seq_209_1
seq_46|7 -> seq_46_7
seq_220|1 -> seq_220_1
seq_208|1 -> seq_208_1
seq_213|1 -> seq_213_1
seq_125|2 -> seq_125_2
seq_70|5 -> seq_70_5
seq_218|1 -> seq_218_1
seq_222|1 -> seq_222_1
seq_240|1 -> seq_240_1
seq_247|1 -> seq_247_1
seq_406|1 -> seq_406_1
seq_124|2 -> seq_124_2
seq_182|2 -> seq_182_2
seq_517|1 -> seq_517_1
seq_518|1 -> seq_518_1
seq_67|6 -> seq_67_6
seq_486|1 -> seq_486_1
seq_55|7 -> seq_55_7
seq_484|1 -> seq_484_1
seq_485|1 -> seq_485_1
seq_487|1 -> seq_487_1
seq_488|1 -> seq_488_1
seq_516|1 -> seq_516_1
seq_470|1 -> seq_470_1
seq_38|9 -> seq_38_9
seq_207|1 -> seq_207_1
seq_29|11 -> seq_29_11
seq_475|1 -> seq_475_1
seq_520|1 -> seq_520_1
seq_482|1 -> seq_482_1
seq_472|1 -> seq_472_1
seq_481|1 -> seq_481_1
seq_477|1 -> seq_477_1
seq_480|1 -> seq_480_1
seq_479|1 -> seq_479_1
seq_483|1 -> seq_483_1
seq_34|9 -> seq_34_9
seq_474|1 -> seq_474_1
seq_473|1 -> seq_473_1
seq_78|5 -> seq_78_5
seq_471|1 -> seq_471_1
seq_476|1 -> seq_476_1
seq_478|1 -> seq_478_1

            Gap/Ambiguity  Composition  p-value
   1  seq_186_2    10.99%    failed      0.56%
   2  seq_185_2    10.83%    failed      0.54%
   3  seq_523_1    10.99%    failed      0.71%
   4  seq_524_1    10.99%    failed      1.10%
   5  seq_525_1    10.99%    failed      0.76%
   6  seq_526_1    14.40%    failed      0.24%
   7  seq_39_9     10.99%    failed      0.04%
   8  seq_121_3    10.99%    failed      0.15%
   9  seq_529_1    10.99%    failed      0.10%
  10  seq_120_3    10.99%    failed      0.35%
  11  seq_527_1    39.42%    passed     19.70%
  12  seq_528_1    10.99%    failed      0.22%
  13  seq_98_4     10.99%    failed      0.99%
  14  seq_530_1    11.80%    passed     25.11%
  15  seq_187_2    11.97%    failed      1.06%
  16  seq_442_1    11.97%    passed     51.23%
  17  seq_116_3    11.97%    passed     25.99%
  18  seq_455_1     8.55%    passed     22.18%
  19  seq_63_6      8.55%    passed     20.86%
  20  seq_64_6      8.55%    passed     20.14%
  21  seq_176_2     8.55%    passed     11.56%
  22  seq_447_1    13.26%    passed      6.76%
  23  seq_33_10    11.97%    passed     19.28%
  24  seq_452_1    11.97%    passed     16.77%
  25  seq_438_1    11.80%    passed     14.36%
  26  seq_439_1    11.80%    passed      9.05%
  27  seq_53_7     11.80%    passed     11.90%
  28  seq_206_1    11.86%    passed     11.98%
  29  seq_178_2    11.80%    passed     23.06%
  30  seq_440_1    11.97%    passed     28.79%
  31  seq_457_1    11.80%    passed     15.17%
  32  seq_180_2    11.80%    passed     13.61%
  33  seq_45_8     11.80%    passed     13.61%
  34  seq_456_1    11.80%    passed     11.84%
  35  seq_28_11    11.80%    passed     13.28%
  36  seq_458_1    11.80%    passed     11.67%
  37  seq_94_4     11.80%    passed     13.06%
  38  seq_12_32    11.80%    passed     15.17%
  39  seq_463_1    12.13%    passed     17.32%
  40  seq_181_2    11.80%    passed     15.17%
  41  seq_451_1    11.80%    passed     14.14%
  42  seq_461_1    11.80%    passed     15.17%
  43  seq_464_1    11.80%    passed     15.17%
  44  seq_5_293    11.80%    passed     14.81%
  45  seq_462_1    12.13%    passed     16.86%
  46  seq_467_1    11.80%    passed     13.58%
  47  seq_54_7     11.80%    passed     32.15%
  48  seq_448_1    11.97%    passed      5.28%
  49  seq_449_1    11.97%    passed      6.09%
  50  seq_450_1    17.27%    failed      0.58%
  51  seq_454_1    11.97%    passed     15.42%
  52  seq_436_1    11.80%    passed     22.68%
  53  seq_468_1    11.97%    passed     24.69%
  54  seq_76_5     11.80%    passed     13.74%
  55  seq_465_1    11.80%    passed     12.03%
  56  seq_11_34    11.97%    passed      8.74%
  57  seq_77_5     11.97%    passed      9.13%
  58  seq_443_1    11.80%    passed      7.78%
  59  seq_172_2    11.97%    passed     24.89%
  60  seq_437_1    11.97%    passed     25.35%
  61  seq_113_3    11.80%    passed      8.24%
  62  seq_205_1    11.80%    passed      8.78%
  63  seq_466_1    11.97%    passed      9.32%
  64  seq_177_2    11.97%    failed      2.53%
  65  seq_115_3    11.97%    failed      4.93%
  66  seq_16_18    11.80%    passed      7.82%
  67  seq_114_3    11.80%    passed      7.32%
  68  seq_459_1    11.97%    passed     73.03%
  69  seq_435_1    11.97%    passed     43.74%
  70  seq_174_2    11.97%    passed     52.49%
  71  seq_175_2    11.97%    passed     54.27%
  72  seq_444_1    12.13%    passed     16.48%
  73  seq_445_1    12.13%    passed     14.34%
  74  seq_446_1    12.13%    passed     16.08%
  75  seq_95_4     11.64%    passed     27.64%
  76  seq_173_2    11.64%    passed     30.23%
  77  seq_453_1    11.64%    passed     25.99%
  78  seq_62_6     11.64%    passed     38.16%
  79  seq_65_6     11.64%    passed     35.21%
  80  seq_66_6     24.80%    passed     24.07%
  81  seq_117_3    11.97%    failed      4.30%
  82  seq_179_2    11.97%    passed      7.32%
  83  seq_460_1    17.49%    failed      2.41%
  84  seq_441_1    11.97%    passed     49.44%
  85  seq_469_1    11.80%    passed     38.68%
  86  seq_531_1    11.80%    passed     51.04%
  87  seq_142_2    11.80%    passed     89.44%
  88  seq_258_1    11.80%    passed     79.38%
  89  seq_282_1    11.80%    passed     90.25%
  90  seq_152_2    11.80%    passed     89.50%
  91  seq_92_4     11.80%    passed     79.72%
  92  seq_269_1    11.80%    passed     88.89%
  93  seq_263_1    11.80%    passed     87.45%
  94  seq_261_1    11.80%    passed     84.05%
  95  seq_82_4     11.80%    passed     93.43%
  96  seq_102_3    11.80%    passed     93.43%
  97  seq_137_2    11.80%    passed     88.85%
  98  seq_259_1    11.80%    passed     93.83%
  99  seq_273_1    11.80%    passed     93.88%
 100  seq_260_1    11.80%    passed     94.26%
 101  seq_83_4     11.80%    passed     94.74%
 102  seq_84_4     11.80%    passed     95.72%
 103  seq_138_2    11.80%    passed     95.81%
 104  seq_272_1    11.80%    passed     91.69%
 105  seq_264_1    11.80%    passed     97.97%
 106  seq_103_3    11.80%    passed     99.98%
 107  seq_283_1    11.80%    passed     99.98%
 108  seq_373_1    11.80%    passed     99.92%
 109  seq_20_13    11.80%    passed     99.95%
 110  seq_48_7     11.80%    passed     99.24%
 111  seq_274_1    11.80%    passed     97.33%
 112  seq_101_3    11.80%    passed     97.57%
 113  seq_278_1    25.61%    passed     53.13%
 114  seq_141_2    11.80%    passed     90.85%
 115  seq_26_11    11.80%    passed     86.62%
 116  seq_270_1    11.80%    passed     94.98%
 117  seq_271_1    28.91%    passed     31.16%
 118  seq_286_1    11.80%    passed     99.20%
 119  seq_100_3    11.80%    passed     99.95%
 120  seq_268_1    11.80%    passed     99.77%
 121  seq_40_8     11.80%    passed     98.15%
 122  seq_90_4     11.80%    passed     96.61%
 123  seq_201_1    11.80%    passed     98.93%
 124  seq_322_1    11.80%    passed     98.36%
 125  seq_323_1    11.80%    passed     97.44%
 126  seq_6_249    11.80%    passed     98.00%
 127  seq_13_31    11.32%    passed     96.84%
 128  seq_370_1    11.80%    passed     98.89%
 129  seq_371_1    11.80%    passed     98.84%
 130  seq_290_1    11.80%    passed     97.91%
 131  seq_146_2    11.80%    passed     98.19%
 132  seq_266_1    11.80%    passed     98.85%
 133  seq_267_1    11.80%    passed     98.85%
 134  seq_57_6     11.80%    passed     98.29%
 135  seq_257_1    11.80%    passed     98.31%
 136  seq_149_2    11.80%    passed     99.79%
 137  seq_372_1    11.80%    passed     99.69%
 138  seq_135_2    11.80%    passed     99.41%
 139  seq_144_2    11.80%    passed     99.63%
 140  seq_30_10    11.80%    passed     99.69%
 141  seq_81_4     11.80%    passed     99.61%
 142  seq_284_1    11.80%    passed     99.47%
 143  seq_318_1    11.80%    passed     99.98%
 144  seq_91_4     11.80%    passed     96.42%
 145  seq_154_2    11.64%    passed     98.84%
 146  seq_319_1    11.80%    passed     96.24%
 147  seq_369_1    12.29%    passed     93.12%
 148  seq_35_9     11.80%    passed     99.52%
 149  seq_136_2    11.80%    passed     99.87%
 150  seq_56_6     11.80%    passed     99.80%
 151  seq_140_2    11.80%    passed     99.95%
 152  seq_145_2    11.80%    passed     99.88%
 153  seq_195_1    11.80%    passed     98.80%
 154  seq_143_2    11.80%    passed     97.87%
 155  seq_153_2    11.80%    passed     97.33%
 156  seq_256_1    11.80%    passed     97.45%
 157  seq_25_11    11.80%    passed     97.91%
 158  seq_61_6     11.80%    passed     98.33%
 159  seq_50_7     11.80%    passed     97.26%
 160  seq_85_4     11.80%    passed     97.66%
 161  seq_329_1    30.64%    passed     42.77%
 162  seq_281_1    11.80%    passed     97.83%
 163  seq_320_1    11.80%    passed     98.28%
 164  seq_10_39    11.80%    passed     97.56%
 165  seq_194_1    11.75%    passed     97.21%
 166  seq_285_1    11.80%    passed     96.37%
 167  seq_279_1    13.64%    passed     88.45%
 168  seq_364_1    11.64%    passed     98.78%
 169  seq_277_1    11.64%    passed     98.78%
 170  seq_198_1    11.80%    passed     94.54%
 171  seq_332_1    11.80%    passed     98.18%
 172  seq_361_1    11.80%    passed     96.36%
 173  seq_109_3    11.80%    passed     95.27%
 174  seq_159_2    11.80%    passed     95.36%
 175  seq_287_1    11.80%    passed     95.36%
 176  seq_353_1    11.80%    passed     94.17%
 177  seq_354_1    11.80%    passed     97.01%
 178  seq_355_1    11.80%    passed     94.17%
 179  seq_356_1    11.80%    passed     96.03%
 180  seq_357_1    11.80%    passed     95.27%
 181  seq_358_1    11.80%    passed     94.17%
 182  seq_359_1    11.80%    passed     96.37%
 183  seq_360_1    11.80%    passed     96.37%
 184  seq_362_1    11.80%    passed     96.03%
 185  seq_363_1    11.80%    passed     94.17%
 186  seq_365_1    11.80%    passed     96.37%
 187  seq_366_1    11.80%    passed     94.53%
 188  seq_367_1    11.80%    passed     94.53%
 189  seq_3_1355   11.80%    passed     95.76%
 190  seq_276_1    11.80%    passed     96.48%
 191  seq_9_57     11.80%    passed     95.57%
 192  seq_340_1    11.80%    passed     92.54%
 193  seq_72_5     11.80%    passed     94.46%
 194  seq_107_3    14.40%    passed     78.82%
 195  seq_202_1    11.80%    passed     94.17%
 196  seq_155_2    11.80%    passed     97.26%
 197  seq_335_1    11.80%    passed     94.46%
 198  seq_74_5     11.80%    passed     95.76%
 199  seq_106_3    11.80%    passed     95.57%
 200  seq_151_2    11.80%    passed     94.46%
 201  seq_337_1    11.80%    passed     94.46%
 202  seq_150_2    11.80%    passed     95.76%
 203  seq_325_1    11.80%    passed     96.77%
 204  seq_331_1    11.80%    passed     96.10%
 205  seq_330_1    11.80%    passed     95.76%
 206  seq_108_3    11.80%    passed     96.29%
 207  seq_197_1    11.80%    passed     94.46%
 208  seq_289_1    11.80%    passed     95.57%
 209  seq_156_2    11.80%    passed     95.02%
 210  seq_158_2    11.80%    passed     96.42%
 211  seq_196_1    11.80%    passed     95.57%
 212  seq_334_1    11.80%    passed     96.96%
 213  seq_317_1    11.80%    passed     96.77%
 214  seq_345_1    11.80%    passed     95.76%
 215  seq_346_1    11.80%    passed     95.76%
 216  seq_347_1    11.80%    passed     95.36%
 217  seq_37_9     11.80%    passed     96.29%
 218  seq_41_8     11.80%    passed     95.57%
 219  seq_60_6     11.80%    passed     97.26%
 220  seq_157_2    11.80%    passed     95.76%
 221  seq_200_1    11.80%    passed     96.10%
 222  seq_328_1    11.80%    passed     94.88%
 223  seq_333_1    11.80%    passed     95.57%
 224  seq_338_1    11.80%    passed     95.76%
 225  seq_342_1    11.80%    passed     96.29%
 226  seq_344_1    11.80%    passed     96.10%
 227  seq_349_1    11.80%    passed     97.26%
 228  seq_352_1    11.80%    passed     95.76%
 229  seq_324_1    11.80%    passed     94.46%
 230  seq_73_5     16.35%    passed     88.22%
 231  seq_2_2082   11.80%    passed     96.03%
 232  seq_343_1    11.80%    passed     95.76%
 233  seq_327_1    12.45%    passed     95.47%
 234  seq_199_1    11.80%    passed     94.54%
 235  seq_326_1    11.80%    passed     95.76%
 236  seq_339_1    11.80%    passed     97.26%
 237  seq_348_1    11.80%    passed     97.26%
 238  seq_193_1    12.62%    passed     94.06%
 239  seq_350_1    19.11%    passed     73.20%
 240  seq_341_1    18.30%    passed     77.30%
 241  seq_351_1    14.94%    passed     83.42%
 242  seq_336_1    22.04%    passed     64.70%
 243  seq_262_1    11.80%    passed     99.97%
 244  seq_58_6     11.80%    passed     99.83%
 245  seq_288_1    11.80%    passed     98.47%
 246  seq_265_1    11.80%    passed     99.20%
 247  seq_275_1    11.80%    passed     99.62%
 248  seq_51_7     11.80%    passed     98.40%
 249  seq_47_7     11.80%    passed     99.03%
 250  seq_255_1    11.80%    passed     99.31%
 251  seq_321_1    11.80%    passed     97.66%
 252  seq_368_1    11.15%    passed     98.45%
 253  seq_310_1    11.64%    passed     99.76%
 254  seq_86_4     11.64%    passed     99.34%
 255  seq_192_1    11.80%    passed     98.40%
 256  seq_104_3    11.80%    passed     99.17%
 257  seq_147_2    11.80%    passed     99.17%
 258  seq_291_1    11.80%    passed     98.65%
 259  seq_292_1    15.05%    passed     95.27%
 260  seq_7_188    11.80%    passed     98.54%
 261  seq_59_6     12.29%    passed     98.35%
 262  seq_15_25    11.80%    passed     98.16%
 263  seq_293_1    11.80%    passed     99.10%
 264  seq_87_4     11.80%    passed     98.38%
 265  seq_71_5     11.80%    passed     97.95%
 266  seq_139_2    11.80%    passed     97.60%
 267  seq_18_14    11.80%    passed     98.47%
 268  seq_21_13    11.80%    passed     98.16%
 269  seq_36_9     11.80%    passed     98.47%
 270  seq_42_8     11.80%    passed     97.95%
 271  seq_88_4     11.80%    passed     97.95%
 272  seq_89_4     11.80%    passed     98.16%
 273  seq_105_3    11.80%    passed     98.16%
 274  seq_148_2    11.80%    passed     98.16%
 275  seq_294_1    11.80%    passed     98.95%
 276  seq_295_1    11.80%    passed     97.95%
 277  seq_296_1    11.80%    passed     98.47%
 278  seq_297_1    11.80%    passed     97.01%
 279  seq_298_1    11.80%    passed     98.47%
 280  seq_299_1    11.80%    passed     98.47%
 281  seq_300_1    11.80%    passed     97.01%
 282  seq_301_1    11.80%    passed     98.95%
 283  seq_304_1    11.80%    passed     97.01%
 284  seq_305_1    11.80%    passed     98.95%
 285  seq_306_1    11.80%    passed     98.16%
 286  seq_308_1    11.80%    passed     98.40%
 287  seq_311_1    11.80%    passed     98.16%
 288  seq_312_1    11.80%    passed     98.68%
 289  seq_313_1    11.80%    passed     98.16%
 290  seq_314_1    11.80%    passed     98.40%
 291  seq_315_1    11.80%    passed     98.95%
 292  seq_316_1    11.80%    passed     98.16%
 293  seq_1_2557   11.80%    passed     98.14%
 294  seq_49_7     11.80%    passed     97.95%
 295  seq_302_1    11.80%    passed     98.16%
 296  seq_303_1    11.80%    passed     98.16%
 297  seq_307_1    11.80%    passed     98.16%
 298  seq_309_1    11.80%    passed     97.01%
 299  seq_280_1    15.65%    passed     94.37%
 300  seq_183_2    11.80%    passed     52.74%
 301  seq_490_1    11.80%    passed     71.40%
 302  seq_491_1    11.80%    passed     72.01%
 303  seq_497_1    11.80%    passed     90.52%
 304  seq_499_1    11.80%    passed     87.49%
 305  seq_498_1    11.80%    passed     63.79%
 306  seq_496_1    11.80%    passed     75.14%
 307  seq_494_1    11.80%    passed     86.92%
 308  seq_492_1    11.80%    passed     54.33%
 309  seq_493_1    11.80%    passed     96.09%
 310  seq_495_1    11.80%    passed     96.00%
 311  seq_500_1    11.80%    passed     93.87%
 312  seq_96_4     11.80%    passed     86.74%
 313  seq_489_1    11.80%    passed     85.73%
 314  seq_532_1    11.80%    passed     16.62%
 315  seq_534_1    11.80%    passed     33.58%
 316  seq_533_1    11.80%    passed     26.56%
 317  seq_68_6     11.80%    passed     28.78%
 318  seq_535_1    11.80%    passed     31.22%
 319  seq_537_1    11.80%    passed     30.08%
 320  seq_69_6     11.80%    passed     23.57%
 321  seq_122_3    11.80%    passed     25.39%
 322  seq_190_2    11.80%    passed     68.47%
 323  seq_188_2    11.80%    passed     22.43%
 324  seq_22_13    11.80%    passed     18.57%
 325  seq_189_2    11.80%    passed     29.04%
 326  seq_191_2    11.80%    passed     21.31%
 327  seq_536_1    11.80%    passed     21.94%
 328  seq_32_10    11.80%    passed     16.70%
 329  seq_418_1    11.80%    passed     15.33%
 330  seq_52_7     11.80%    passed     17.26%
 331  seq_166_2    11.80%    passed     65.43%
 332  seq_167_2    11.80%    passed     81.80%
 333  seq_422_1    11.80%    passed     79.12%
 334  seq_416_1    11.80%    passed     90.22%
 335  seq_417_1    11.80%    passed     67.18%
 336  seq_405_1    11.80%    passed     89.50%
 337  seq_420_1    11.80%    passed     77.73%
 338  seq_410_1    11.80%    passed     71.77%
 339  seq_411_1    11.80%    passed     71.10%
 340  seq_171_2    11.80%    passed     58.59%
 341  seq_403_1    11.80%    passed     71.99%
 342  seq_112_3    11.80%    passed     58.44%
 343  seq_415_1    11.80%    passed     64.54%
 344  seq_381_1    11.64%    passed     56.66%
 345  seq_509_1    11.80%    passed     97.49%
 346  seq_504_1    11.80%    passed     97.70%
 347  seq_512_1    11.80%    passed     97.13%
 348  seq_515_1    11.80%    passed     93.07%
 349  seq_118_3    11.32%    passed     58.44%
 350  seq_502_1    10.83%    passed     61.29%
 351  seq_23_12    10.83%    passed     60.51%
 352  seq_24_12    11.32%    passed     59.54%
 353  seq_97_4     11.80%    passed     56.95%
 354  seq_501_1    11.80%    passed     56.79%
 355  seq_514_1    11.80%    passed     97.39%
 356  seq_505_1    11.80%    passed     94.12%
 357  seq_513_1    11.80%    passed     57.16%
 358  seq_111_3    11.80%    passed     77.67%
 359  seq_391_1    11.80%    passed     81.21%
 360  seq_380_1    11.80%    passed     92.98%
 361  seq_387_1    11.80%    passed     84.61%
 362  seq_399_1    11.80%    passed     28.03%
 363  seq_169_2    11.80%    passed     75.67%
 364  seq_170_2    11.80%    passed     72.45%
 365  seq_423_1    11.80%    passed     64.15%
 366  seq_424_1    11.80%    passed     64.62%
 367  seq_31_10    11.80%    passed     88.14%
 368  seq_389_1    11.80%    passed     86.84%
 369  seq_390_1    11.80%    passed     86.65%
 370  seq_400_1    11.80%    passed     84.13%
 371  seq_409_1    11.80%    passed     73.71%
 372  seq_163_2    11.80%    passed     52.16%
 373  seq_425_1    11.80%    passed     81.93%
 374  seq_414_1    11.80%    passed     57.16%
 375  seq_434_1    11.80%    passed     84.76%
 376  seq_404_1    11.80%    passed     93.81%
 377  seq_393_1    11.80%    passed     82.43%
 378  seq_394_1    11.80%    passed     86.56%
 379  seq_8_57     11.80%    passed     85.07%
 380  seq_396_1     9.53%    passed     74.65%
 381  seq_397_1    11.80%    passed     86.01%
 382  seq_398_1    11.97%    passed     83.86%
 383  seq_43_8     11.80%    passed     81.60%
 384  seq_93_4     11.80%    passed     85.66%
 385  seq_203_1    11.80%    passed     80.34%
 386  seq_395_1    11.80%    passed     81.60%
 387  seq_4_297    11.80%    passed     83.31%
 388  seq_384_1    14.08%    passed     78.19%
 389  seq_119_3    11.80%    passed     55.26%
 390  seq_184_2    11.80%    passed     56.86%
 391  seq_521_1    11.64%    passed     88.24%
 392  seq_522_1    11.80%    passed     89.02%
 393  seq_519_1    11.80%    passed     89.43%
 394  seq_506_1    11.80%    passed     82.03%
 395  seq_426_1    11.80%    passed     21.33%
 396  seq_168_2    11.80%    passed     67.86%
 397  seq_385_1    11.80%    passed     46.28%
 398  seq_386_1    11.80%    passed     47.80%
 399  seq_110_3    11.80%    passed     47.13%
 400  seq_75_5     11.80%    passed     39.71%
 401  seq_44_8     11.80%    passed     48.51%
 402  seq_407_1    11.80%    passed     49.71%
 403  seq_162_2    11.80%    passed     43.68%
 404  seq_377_1    11.80%    passed     41.12%
 405  seq_160_2    14.83%    passed     73.89%
 406  seq_161_2    11.80%    passed     50.41%
 407  seq_374_1    11.80%    passed     33.93%
 408  seq_376_1    26.64%    passed     40.35%
 409  seq_421_1    11.80%    passed     97.68%
 410  seq_392_1    11.80%    passed     75.28%
 411  seq_432_1    11.80%    passed     82.69%
 412  seq_431_1    11.80%    passed     78.53%
 413  seq_433_1    11.80%    passed     75.78%
 414  seq_412_1    11.80%    passed     82.36%
 415  seq_27_11    11.80%    passed     63.63%
 416  seq_402_1    11.80%    passed     70.89%
 417  seq_429_1    11.80%    passed     56.73%
 418  seq_508_1    11.80%    passed     93.44%
 419  seq_428_1    11.80%    passed     27.62%
 420  seq_503_1    11.80%    passed     64.86%
 421  seq_510_1    11.80%    passed     49.00%
 422  seq_507_1    11.80%    passed     50.47%
 423  seq_511_1    11.80%    passed     79.56%
 424  seq_204_1    11.80%    passed     79.88%
 425  seq_430_1    11.80%    passed     77.73%
 426  seq_375_1    26.64%    passed     71.58%
 427  seq_378_1    11.80%    passed     60.52%
 428  seq_379_1    31.13%    passed     82.05%
 429  seq_383_1    11.80%    passed     25.73%
 430  seq_419_1    11.80%    passed     49.14%
 431  seq_382_1    28.97%    passed     92.39%
 432  seq_165_2    11.80%    passed     41.41%
 433  seq_408_1    11.80%    passed     50.63%
 434  seq_164_2    11.80%    passed     70.67%
 435  seq_413_1    11.80%    passed     59.02%
 436  seq_401_1    11.80%    passed     41.19%
 437  seq_427_1    11.80%    passed     45.48%
 438  seq_19_14    11.80%    passed     82.50%
 439  seq_388_1    11.80%    passed     72.06%
 440  seq_79_5     11.80%    passed     54.85%
 441  seq_231_1    11.97%    passed     90.37%
 442  seq_253_1    11.64%    passed     80.31%
 443  seq_254_1    11.97%    passed     40.50%
 444  seq_242_1    11.97%    passed     99.56%
 445  seq_230_1    11.97%    passed     78.64%
 446  seq_237_1    11.97%    passed     76.60%
 447  seq_229_1    11.32%    passed     98.50%
 448  seq_132_2    12.13%    passed     57.98%
 449  seq_226_1    11.97%    passed     93.13%
 450  seq_234_1    11.97%    passed     98.22%
 451  seq_134_2    11.97%    passed     91.84%
 452  seq_252_1    11.97%    passed     92.81%
 453  seq_245_1    11.97%    passed     93.38%
 454  seq_246_1    11.97%    passed     94.37%
 455  seq_224_1    11.97%    passed     90.42%
 456  seq_223_1    11.97%    passed     87.83%
 457  seq_17_14    11.97%    passed     90.42%
 458  seq_225_1    11.97%    passed     90.52%
 459  seq_130_2    11.97%    passed     87.94%
 460  seq_250_1    11.97%    passed     86.16%
 461  seq_236_1    11.97%    passed     80.70%
 462  seq_241_1    11.97%    passed     73.69%
 463  seq_243_1    11.97%    passed     73.83%
 464  seq_249_1    11.64%    passed     74.49%
 465  seq_131_2    11.64%    passed     94.61%
 466  seq_133_2    11.64%    passed     94.61%
 467  seq_251_1    11.64%    passed     93.48%
 468  seq_244_1    11.64%    passed     87.75%
 469  seq_248_1    11.64%    passed     92.06%
 470  seq_214_1    11.97%    passed     98.36%
 471  seq_212_1    11.97%    passed     98.73%
 472  seq_228_1    11.97%    passed     98.08%
 473  seq_99_3     11.97%    passed     97.48%
 474  seq_216_1    11.97%    passed     99.26%
 475  seq_227_1    11.97%    passed     99.66%
 476  seq_80_4     11.97%    passed     99.78%
 477  seq_217_1    11.97%    passed     99.43%
 478  seq_127_2    11.97%    passed     95.58%
 479  seq_215_1    11.97%    passed     87.25%
 480  seq_238_1    11.97%    passed     96.67%
 481  seq_239_1    11.97%    passed     97.19%
 482  seq_211_1    11.97%    passed     98.23%
 483  seq_14_29    11.97%    passed     96.20%
 484  seq_128_2    11.97%    passed     96.75%
 485  seq_129_2    11.97%    passed     88.05%
 486  seq_219_1    11.97%    passed     86.69%
 487  seq_232_1    11.97%    passed     86.44%
 488  seq_233_1    11.97%    passed     84.95%
 489  seq_235_1    11.97%    passed     83.54%
 490  seq_123_2    12.02%    passed     64.17%
 491  seq_210_1    11.97%    passed     76.58%
 492  seq_221_1    11.97%    passed     84.84%
 493  seq_126_2    11.97%    passed     79.06%
 494  seq_209_1    11.97%    passed     79.06%
 495  seq_46_7     11.97%    passed     81.27%
 496  seq_220_1    11.97%    passed     79.51%
 497  seq_208_1    11.97%    passed     71.23%
 498  seq_213_1    11.97%    passed     75.59%
 499  seq_125_2    11.97%    passed     55.49%
 500  seq_70_5     11.97%    passed     61.71%
 501  seq_218_1    11.97%    passed     60.36%
 502  seq_222_1    11.97%    passed     57.77%
 503  seq_240_1    11.97%    passed     83.10%
 504  seq_247_1    11.97%    passed     97.01%
 505  seq_406_1    11.64%    passed     70.16%
 506  seq_124_2    11.80%    passed     54.53%
 507  seq_182_2    11.80%    passed     41.98%
 508  seq_517_1    11.80%    passed     84.32%
 509  seq_518_1    11.80%    passed     90.45%
 510  seq_67_6     11.64%    passed     54.07%
 511  seq_486_1    11.80%    passed     70.06%
 512  seq_55_7     11.64%    passed     66.39%
 513  seq_484_1    11.64%    passed     76.19%
 514  seq_485_1    11.64%    passed     73.72%
 515  seq_487_1    11.64%    passed     63.93%
 516  seq_488_1    11.64%    passed     67.54%
 517  seq_516_1    11.80%    passed     61.24%
 518  seq_470_1    11.97%    passed     72.08%
 519  seq_38_9     11.80%    passed     75.69%
 520  seq_207_1    21.06%    passed     93.36%
 521  seq_29_11    11.80%    passed     82.42%
 522  seq_475_1    11.80%    passed     80.18%
 523  seq_520_1    11.80%    passed     53.43%
 524  seq_482_1    11.80%    passed     83.68%
 525  seq_472_1    11.80%    passed     47.18%
 526  seq_481_1    11.80%    passed     44.29%
 527  seq_477_1    11.80%    passed     45.59%
 528  seq_480_1    11.80%    passed     46.47%
 529  seq_479_1    11.80%    passed     42.81%
 530  seq_483_1    11.80%    passed     46.47%
 531  seq_34_9     11.80%    passed     54.06%
 532  seq_474_1    11.80%    passed     42.63%
 533  seq_473_1    11.80%    passed     70.36%
 534  seq_78_5     11.64%    passed     41.49%
 535  seq_471_1    11.64%    passed     35.35%
 536  seq_476_1    11.64%    passed     40.66%
 537  seq_478_1    11.64%    passed     36.89%
****  TOTAL        12.20%  18 sequences failed composition chi2 test (p-value<5%; df=3)

Create initial parsimony tree by phylogenetic likelihood library (PLL)... 0.300 seconds
Generating 1000 samples for ultrafast bootstrap (seed: 196952)...

NOTE: 30 MB RAM (0 GB) is required!
WARNING: Number of threads seems too high for short alignments. Use -nt AUTO to determine best number of threads.
Estimate model parameters (epsilon = 0.100)
1. Initial log-likelihood: -91852.927
2. Current log-likelihood: -88124.843
3. Current log-likelihood: -88114.205
Optimal log-likelihood: -88114.195
Rate parameters:  A-C: 1.652  A-G: 3.342  A-T: 1.157  C-G: 1.451  C-T: 5.668  G-T: 1.000
Base frequencies:   A: 0.384  C: 0.179  G: 0.167  T: 0.269
Parameters optimization took 3 rounds (0.748 sec)
Computing ML distances based on estimated model parameters... 4.401 sec
Computing BIONJ tree...
0.290 seconds
Log-likelihood of BIONJ tree: -90327.895
--------------------------------------------------------------------
|             INITIALIZING CANDIDATE TREE SET                      |
--------------------------------------------------------------------
Generating 98 parsimony trees... 29.731 second
Computing log-likelihood of 98 initial trees ... 16.277 seconds
Current best score: -87856.046

Do NNI search on 20 best initial trees
Estimate model parameters (epsilon = 0.100)
BETTER TREE FOUND at iteration 1: -87785.566
Estimate model parameters (epsilon = 0.100)
BETTER TREE FOUND at iteration 5: -87778.009
Iteration 10 / LogL: -87816.448 / Time: 0h:1m:24s
Iteration 20 / LogL: -87956.512 / Time: 0h:1m:59s
Finish initializing candidate tree set (20)
Current best tree score: -87778.009 / CPU time: 117.582
Number of iterations: 20
--------------------------------------------------------------------
|               OPTIMIZING CANDIDATE TREE SET                      |
--------------------------------------------------------------------
Iteration 30 / LogL: -87982.489 / Time: 0h:2m:17s (0h:5m:53s left)
Iteration 40 / LogL: -87786.598 / Time: 0h:2m:34s (0h:4m:16s left)
Estimate model parameters (epsilon = 0.100)
BETTER TREE FOUND at iteration 47: -87775.400
Iteration 50 / LogL: -87880.108 / Time: 0h:2m:53s (0h:5m:42s left)
Log-likelihood cutoff on original alignment: -87997.178
Iteration 60 / LogL: -88029.951 / Time: 0h:3m:20s (0h:4m:55s left)
Estimate model parameters (epsilon = 0.100)
BETTER TREE FOUND at iteration 66: -87758.398
Iteration 70 / LogL: -87781.624 / Time: 0h:3m:39s (0h:5m:4s left)
Estimate model parameters (epsilon = 0.100)
BETTER TREE FOUND at iteration 73: -87741.704
Estimate model parameters (epsilon = 0.100)
BETTER TREE FOUND at iteration 76: -87728.936
Estimate model parameters (epsilon = 0.100)
BETTER TREE FOUND at iteration 80: -87716.781
Iteration 80 / LogL: -87716.781 / Time: 0h:3m:59s (0h:5m:2s left)
Estimate model parameters (epsilon = 0.100)
BETTER TREE FOUND at iteration 84: -87667.404
Estimate model parameters (epsilon = 0.100)
BETTER TREE FOUND at iteration 89: -87625.783
Iteration 90 / LogL: -87743.292 / Time: 0h:4m:20s (0h:4m:48s left)
Iteration 100 / LogL: -87787.977 / Time: 0h:4m:37s (0h:4m:9s left)
Log-likelihood cutoff on original alignment: -87997.178
NOTE: Bootstrap correlation coefficient of split occurrence frequencies: 0.909
NOTE: UFBoot does not converge, continue at least 100 more iterations
Estimate model parameters (epsilon = 0.100)
BETTER TREE FOUND at iteration 101: -87592.924
Iteration 110 / LogL: -87772.355 / Time: 0h:4m:59s (0h:4m:9s left)
Estimate model parameters (epsilon = 0.100)
BETTER TREE FOUND at iteration 116: -87592.142
Iteration 120 / LogL: -87705.264 / Time: 0h:5m:20s (0h:4m:17s left)
Iteration 130 / LogL: -87728.587 / Time: 0h:5m:39s (0h:3m:46s left)
Iteration 140 / LogL: -87757.071 / Time: 0h:6m:0s (0h:3m:16s left)
Estimate model parameters (epsilon = 0.100)
BETTER TREE FOUND at iteration 141: -87580.313
Iteration 150 / LogL: -87845.880 / Time: 0h:6m:22s (0h:3m:53s left)
Log-likelihood cutoff on original alignment: -87983.604
Iteration 160 / LogL: -87606.775 / Time: 0h:6m:45s (0h:3m:26s left)
Iteration 170 / LogL: -87780.139 / Time: 0h:7m:5s (0h:2m:58s left)
Iteration 180 / LogL: -87766.011 / Time: 0h:7m:26s (0h:2m:31s left)
Iteration 190 / LogL: -87735.455 / Time: 0h:7m:46s (0h:2m:5s left)
Estimate model parameters (epsilon = 0.100)
BETTER TREE FOUND at iteration 196: -87578.691
Iteration 200 / LogL: -88007.165 / Time: 0h:8m:8s (0h:3m:55s left)
Log-likelihood cutoff on original alignment: -87983.604
NOTE: Bootstrap correlation coefficient of split occurrence frequencies: 0.956
NOTE: UFBoot does not converge, continue at least 100 more iterations
Iteration 210 / LogL: -87591.871 / Time: 0h:8m:32s (0h:3m:40s left)
Estimate model parameters (epsilon = 0.100)
BETTER TREE FOUND at iteration 215: -87570.837
Iteration 220 / LogL: -87592.761 / Time: 0h:8m:54s (0h:3m:51s left)
Iteration 230 / LogL: -87592.080 / Time: 0h:9m:16s (0h:3m:26s left)
Iteration 240 / LogL: -87864.476 / Time: 0h:9m:39s (0h:3m:1s left)
Iteration 250 / LogL: -88075.883 / Time: 0h:9m:59s (0h:2m:36s left)
Log-likelihood cutoff on original alignment: -87983.604
Iteration 260 / LogL: -87673.105 / Time: 0h:10m:26s (0h:2m:12s left)
Estimate model parameters (epsilon = 0.100)
BETTER TREE FOUND at iteration 265: -87556.153
Iteration 270 / LogL: -87640.525 / Time: 0h:10m:47s (0h:3m:48s left)
Estimate model parameters (epsilon = 0.100)
BETTER TREE FOUND at iteration 277: -87548.940
Iteration 280 / LogL: -87717.710 / Time: 0h:11m:8s (0h:3m:52s left)
Iteration 290 / LogL: -87733.336 / Time: 0h:11m:30s (0h:3m:27s left)
Iteration 300 / LogL: -87685.246 / Time: 0h:11m:51s (0h:3m:3s left)
Log-likelihood cutoff on original alignment: -87983.604
NOTE: Bootstrap correlation coefficient of split occurrence frequencies: 0.962
NOTE: UFBoot does not converge, continue at least 100 more iterations
Estimate model parameters (epsilon = 0.100)
BETTER TREE FOUND at iteration 304: -87547.227
Iteration 310 / LogL: -87949.254 / Time: 0h:12m:19s (0h:3m:44s left)
Estimate model parameters (epsilon = 0.100)
BETTER TREE FOUND at iteration 320: -87537.856
Iteration 320 / LogL: -87537.856 / Time: 0h:12m:48s (0h:4m:0s left)
Iteration 330 / LogL: -87576.227 / Time: 0h:13m:13s (0h:3m:37s left)
Iteration 340 / LogL: -87578.321 / Time: 0h:13m:37s (0h:3m:12s left)
Iteration 350 / LogL: -87550.384 / Time: 0h:14m:0s (0h:2m:48s left)
Log-likelihood cutoff on original alignment: -87950.167
Iteration 360 / LogL: -87629.671 / Time: 0h:14m:33s (0h:2m:25s left)
Iteration 370 / LogL: -87930.522 / Time: 0h:15m:46s (0h:2m:8s left)
Estimate model parameters (epsilon = 0.100)
BETTER TREE FOUND at iteration 378: -87515.123
Iteration 380 / LogL: -87601.363 / Time: 0h:16m:13s (0h:4m:11s left)
Iteration 390 / LogL: -87764.538 / Time: 0h:16m:40s (0h:3m:46s left)
Estimate model parameters (epsilon = 0.100)
BETTER TREE FOUND at iteration 399: -87512.178
Iteration 400 / LogL: -87835.613 / Time: 0h:17m:4s (0h:4m:13s left)
Log-likelihood cutoff on original alignment: -87950.167
NOTE: Bootstrap correlation coefficient of split occurrence frequencies: 0.941
NOTE: UFBoot does not converge, continue at least 100 more iterations
Iteration 410 / LogL: -87737.889 / Time: 0h:17m:30s (0h:3m:50s left)
Iteration 420 / LogL: -87593.529 / Time: 0h:17m:59s (0h:3m:25s left)
Iteration 430 / LogL: -87666.358 / Time: 0h:18m:24s (0h:3m:0s left)
Iteration 440 / LogL: -87747.058 / Time: 0h:18m:48s (0h:2m:34s left)
Iteration 450 / LogL: -87652.800 / Time: 0h:19m:12s (0h:2m:8s left)
Log-likelihood cutoff on original alignment: -87950.167
Iteration 460 / LogL: -87667.945 / Time: 0h:19m:39s (0h:1m:42s left)
Iteration 470 / LogL: -87589.524 / Time: 0h:20m:2s (0h:1m:16s left)
Iteration 480 / LogL: -87537.034 / Time: 0h:20m:27s (0h:0m:51s left)
Iteration 490 / LogL: -87519.270 / Time: 0h:20m:54s (0h:0m:25s left)
Iteration 500 / LogL: -87578.443 / Time: 0h:21m:21s (0h:0m:0s left)
Log-likelihood cutoff on original alignment: -87950.167
NOTE: Bootstrap correlation coefficient of split occurrence frequencies: 0.931
NOTE: UFBoot does not converge, continue at least 100 more iterations
Iteration 510 / LogL: -87794.346 / Time: 0h:21m:49s (0h:3m:51s left)
Iteration 520 / LogL: -87629.454 / Time: 0h:22m:15s (0h:3m:25s left)
Iteration 530 / LogL: -87670.754 / Time: 0h:22m:42s (0h:3m:0s left)
Iteration 540 / LogL: -87923.831 / Time: 0h:23m:7s (0h:2m:34s left)
Iteration 550 / LogL: -87562.854 / Time: 0h:23m:35s (0h:2m:8s left)
Log-likelihood cutoff on original alignment: -87950.167
Estimate model parameters (epsilon = 0.100)
BETTER TREE FOUND at iteration 560: -87509.836
Iteration 560 / LogL: -87509.836 / Time: 0h:24m:6s (0h:4m:18s left)
Iteration 570 / LogL: -87924.746 / Time: 0h:24m:31s (0h:3m:52s left)
Iteration 580 / LogL: -87577.977 / Time: 0h:24m:55s (0h:3m:26s left)
Iteration 590 / LogL: -87966.857 / Time: 0h:25m:21s (0h:3m:0s left)
Iteration 600 / LogL: -87849.552 / Time: 0h:25m:45s (0h:2m:34s left)
Log-likelihood cutoff on original alignment: -87950.167
NOTE: Bootstrap correlation coefficient of split occurrence frequencies: 0.955
NOTE: UFBoot does not converge, continue at least 100 more iterations
Iteration 610 / LogL: -87547.559 / Time: 0h:26m:15s (0h:3m:52s left)
Iteration 620 / LogL: -87663.308 / Time: 0h:26m:42s (0h:3m:27s left)
Iteration 630 / LogL: -87718.359 / Time: 0h:27m:7s (0h:3m:1s left)
Iteration 640 / LogL: -87777.839 / Time: 0h:27m:31s (0h:2m:35s left)
Iteration 650 / LogL: -87904.753 / Time: 0h:27m:59s (0h:2m:9s left)
Log-likelihood cutoff on original alignment: -87950.167
Iteration 660 / LogL: -87770.834 / Time: 0h:28m:32s (0h:1m:43s left)
Iteration 670 / LogL: -88282.209 / Time: 0h:29m:2s (0h:1m:18s left)
Iteration 680 / LogL: -87861.266 / Time: 0h:29m:31s (0h:0m:52s left)
BETTER TREE FOUND at iteration 690: -87509.834
Iteration 690 / LogL: -87509.834 / Time: 0h:30m:0s (0h:4m:21s left)
Iteration 700 / LogL: -87607.113 / Time: 0h:30m:30s (0h:3m:55s left)
Log-likelihood cutoff on original alignment: -87950.167
NOTE: Bootstrap correlation coefficient of split occurrence frequencies: 0.967
NOTE: UFBoot does not converge, continue at least 100 more iterations
Iteration 710 / LogL: -87523.494 / Time: 0h:31m:1s (0h:3m:56s left)
Iteration 720 / LogL: -87773.467 / Time: 0h:31m:32s (0h:3m:30s left)
Iteration 730 / LogL: -87706.168 / Time: 0h:32m:0s (0h:3m:4s left)
Iteration 740 / LogL: -87541.737 / Time: 0h:32m:28s (0h:2m:38s left)
Estimate model parameters (epsilon = 0.100)
BETTER TREE FOUND at iteration 748: -87509.066
Iteration 750 / LogL: -87585.788 / Time: 0h:32m:58s (0h:4m:18s left)
Log-likelihood cutoff on original alignment: -87950.167
Iteration 760 / LogL: -87584.161 / Time: 0h:33m:30s (0h:3m:52s left)
Iteration 770 / LogL: -87651.949 / Time: 0h:34m:1s (0h:3m:26s left)
Iteration 780 / LogL: -87517.773 / Time: 0h:34m:30s (0h:3m:0s left)
Estimate model parameters (epsilon = 0.100)
BETTER TREE FOUND at iteration 790: -87508.712
Iteration 790 / LogL: -87508.712 / Time: 0h:35m:2s (0h:4m:26s left)
Iteration 800 / LogL: -87554.908 / Time: 0h:35m:31s (0h:4m:0s left)
Log-likelihood cutoff on original alignment: -87950.167
NOTE: Bootstrap correlation coefficient of split occurrence frequencies: 0.984
NOTE: UFBoot does not converge, continue at least 100 more iterations
Iteration 810 / LogL: -87677.955 / Time: 0h:36m:6s (0h:4m:0s left)
Iteration 820 / LogL: -87955.323 / Time: 0h:36m:37s (0h:3m:34s left)
Iteration 830 / LogL: -87699.707 / Time: 0h:37m:8s (0h:3m:8s left)
Iteration 840 / LogL: -87741.063 / Time: 0h:37m:40s (0h:2m:41s left)
Iteration 850 / LogL: -87869.069 / Time: 0h:38m:9s (0h:2m:14s left)
Log-likelihood cutoff on original alignment: -87950.167
Iteration 860 / LogL: -87678.936 / Time: 0h:38m:44s (0h:1m:48s left)
Estimate model parameters (epsilon = 0.100)
BETTER TREE FOUND at iteration 869: -87503.549
Iteration 870 / LogL: -87524.018 / Time: 0h:39m:16s (0h:4m:28s left)
Iteration 880 / LogL: -87610.821 / Time: 0h:39m:49s (0h:4m:1s left)
Estimate model parameters (epsilon = 0.100)
BETTER TREE FOUND at iteration 881: -87499.603
Iteration 890 / LogL: -87694.754 / Time: 0h:40m:20s (0h:4m:7s left)
Iteration 900 / LogL: -87530.815 / Time: 0h:40m:53s (0h:3m:40s left)
Log-likelihood cutoff on original alignment: -87950.167
NOTE: Bootstrap correlation coefficient of split occurrence frequencies: 0.985
NOTE: UFBoot does not converge, continue at least 100 more iterations
Estimate model parameters (epsilon = 0.100)
BETTER TREE FOUND at iteration 904: -87486.223
Iteration 910 / LogL: -87646.548 / Time: 0h:41m:30s (0h:4m:17s left)
Iteration 920 / LogL: -87702.791 / Time: 0h:42m:5s (0h:3m:50s left)
Iteration 930 / LogL: -87539.116 / Time: 0h:42m:41s (0h:3m:23s left)
Iteration 940 / LogL: -87587.814 / Time: 0h:43m:11s (0h:2m:56s left)
Iteration 950 / LogL: -87902.201 / Time: 0h:43m:46s (0h:2m:29s left)
Log-likelihood cutoff on original alignment: -87950.167
Iteration 960 / LogL: -88296.949 / Time: 0h:44m:25s (0h:2m:2s left)
Estimate model parameters (epsilon = 0.100)
BETTER TREE FOUND at iteration 966: -87486.041
Iteration 970 / LogL: -87579.118 / Time: 0h:44m:56s (0h:4m:27s left)
Iteration 980 / LogL: -87887.583 / Time: 0h:45m:29s (0h:3m:59s left)
Iteration 990 / LogL: -87625.431 / Time: 0h:46m:3s (0h:3m:32s left)
Iteration 1000 / LogL: -87649.591 / Time: 0h:46m:37s (0h:3m:4s left)
Log-likelihood cutoff on original alignment: -87950.167
NOTE: Bootstrap correlation coefficient of split occurrence frequencies: 0.982
NOTE: UFBoot does not converge, continue at least 100 more iterations
TREE SEARCH COMPLETED AFTER 1001 ITERATIONS / Time: 0h:46m:43s

--------------------------------------------------------------------
|                    FINALIZING TREE SEARCH                        |
--------------------------------------------------------------------
Performs final model parameters optimization
Estimate model parameters (epsilon = 0.010)
1. Initial log-likelihood: -87486.041
Optimal log-likelihood: -87486.040
Rate parameters:  A-C: 1.636  A-G: 3.330  A-T: 1.124  C-G: 1.414  C-T: 5.678  G-T: 1.000
Base frequencies:   A: 0.384  C: 0.179  G: 0.167  T: 0.269
Parameters optimization took 1 rounds (0.104 sec)
BEST SCORE FOUND : -87486.040
WARNING: bootstrap analysis did not converge. You should rerun with higher number of iterations (-nm option)
Creating bootstrap support values...
Split supports printed to NEXUS file ccrB_all_uniq_aln.fasta.splits.nex
Total tree length: 10.548

Total number of iterations: 1001
CPU time used for tree search: 16192.849 sec (4h:29m:52s)
Wall-clock time used for tree search: 2800.155 sec (0h:46m:40s)
Total CPU time used: 16213.258 sec (4h:30m:13s)
Total wall-clock time used: 2806.833 sec (0h:46m:46s)

Computing bootstrap consensus tree...
Reading input file ccrB_all_uniq_aln.fasta.splits.nex...
537 taxa and 8951 splits.
Consensus tree written to ccrB_all_uniq_aln.fasta.contree
Reading input trees file ccrB_all_uniq_aln.fasta.contree
Log-likelihood of consensus tree: -87497.247

Analysis results written to: 
  IQ-TREE report:                ccrB_all_uniq_aln.fasta.iqtree
  Maximum-likelihood tree:       ccrB_all_uniq_aln.fasta.treefile
  Likelihood distances:          ccrB_all_uniq_aln.fasta.mldist

Ultrafast bootstrap approximation results written to:
  Split support values:          ccrB_all_uniq_aln.fasta.splits.nex
  Consensus tree:                ccrB_all_uniq_aln.fasta.contree
  Screen log file:               ccrB_all_uniq_aln.fasta.log

Date and Time: Fri Mar 20 11:59:28 2020
